Mycalc/app/build/outputs/logs/manifest-merger-debug-report.txt
-- Merging decision tree log ---
manifest
ADDED from src\main\AndroidManifest.xml:2:1-28:12
INJECTED from src\main\AndroidManifest.xml:2:1-28:12
INJECTED from src\main\AndroidManifest.xml:2:1-28:12
INJECTED from src\main\AndroidManifest.xml:2:1-28:12
MERGED from [androidx.compose.material3:material3:1.0.0] AndroidManifest.xml:17:1-22:12
MERGED from [androidx.compose.material:material-ripple:1.4.0] AndroidManifest.xml:17:1-22:12
MERGED from [androidx.compose.material:material-icons-core:1.4.0] AndroidManifest.xml:17:1-22:12
MERGED from [androidx.compose.material:material:1.4.0] AndroidManifest.xml:17:1-22:12
MERGED from [androidx.compose.animation:animation-core:1.4.0] AndroidManifest.xml:17:1-22:12
MERGED from [androidx.compose.animation:animation:1.4.0] AndroidManifest.xml:17:1-22:12
MERGED from [androidx.compose.foundation:foundation-layout:1.4.0] AndroidManifest.xml:17:1-22:12
MERGED from [androidx.compose.foundation:foundation:1.4.0] AndroidManifest.xml:17:1-22:12
MERGED from [androidx.compose.ui:ui-tooling-data:1.4.0] AndroidManifest.xml:17:1-22:12
MERGED from [androidx.compose.ui:ui-unit:1.4.0] AndroidManifest.xml:17:1-22:12
MERGED from [androidx.compose.ui:ui-geometry:1.4.0] AndroidManifest.xml:17:1-22:12
MERGED from [androidx.compose.ui:ui-util:1.4.0] AndroidManifest.xml:17:1-22:12
MERGED from [androidx.compose.ui:ui-text:1.4.0] AndroidManifest.xml:17:1-22:12
MERGED from [androidx.compose.ui:ui-tooling-preview:1.4.0] AndroidManifest.xml:17:1-22:12
MERGED from [androidx.compose.ui:ui-test-manifest:1.4.0] AndroidManifest.xml:17:1-28:12
MERGED from [androidx.compose.ui:ui-graphics:1.4.0] AndroidManifest.xml:17:1-22:12
MERGED from [androidx.compose.ui:ui-tooling:1.4.0] AndroidManifest.xml:17:1-28:12
MERGED from [androidx.activity:activity:1.8.0] AndroidManifest.xml:17:1-22:12
MERGED from [androidx.activity:activity-ktx:1.8.0] AndroidManifest.xml:2:1-7:12
MERGED from [androidx.activity:activity-compose:1.8.0] AndroidManifest.xml:2:1-7:12
MERGED from [androidx.compose.ui:ui:1.4.0] AndroidManifest.xml:17:1-22:12
MERGED from [androidx.customview:customview-poolingcontainer:1.0.0] AndroidManifest.xml:17:1-23:12
MERGED from [androidx.emoji2:emoji2:1.3.0] AndroidManifest.xml:17:1-35:12
MERGED from [androidx.lifecycle:lifecycle-livedata-core:2.6.2] AndroidManifest.xml:17:1-22:12
MERGED from [androidx.lifecycle:lifecycle-process:2.6.2] AndroidManifest.xml:17:1-35:12
MERGED from [androidx.lifecycle:lifecycle-viewmodel-ktx:2.6.2] AndroidManifest.xml:17:1-22:12
MERGED from [androidx.savedstate:savedstate-ktx:1.2.1] AndroidManifest.xml:17:1-22:12
MERGED from [androidx.savedstate:savedstate:1.2.1] AndroidManifest.xml:17:1-22:12
MERGED from [androidx.lifecycle:lifecycle-viewmodel:2.6.2] AndroidManifest.xml:17:1-22:12
MERGED from [androidx.lifecycle:lifecycle-viewmodel-savedstate:2.6.2] AndroidManifest.xml:17:1-22:12
MERGED from [androidx.core:core-ktx:1.9.0] AndroidManifest.xml:2:1-7:12
MERGED from [androidx.autofill:autofill:1.0.0] AndroidManifest.xml:17:1-24:12
MERGED from [androidx.core:core:1.9.0] AndroidManifest.xml:17:1-30:12
MERGED from [androidx.lifecycle:lifecycle-runtime:2.6.2] AndroidManifest.xml:2:1-7:12
MERGED from [androidx.lifecycle:lifecycle-runtime-ktx:2.6.2] AndroidManifest.xml:17:1-22:12
MERGED from [androidx.compose.runtime:runtime-saveable:1.4.0] AndroidManifest.xml:17:1-22:12
MERGED from [androidx.compose.runtime:runtime:1.4.0] AndroidManifest.xml:17:1-22:12
MERGED from [androidx.profileinstaller:profileinstaller:1.3.0] AndroidManifest.xml:17:1-55:12
MERGED from [androidx.versionedparcelable:versionedparcelable:1.1.1] AndroidManifest.xml:17:1-27:12
MERGED from [androidx.arch.core:core-runtime:2.2.0] AndroidManifest.xml:17:1-22:12
MERGED from [androidx.startup:startup-runtime:1.1.1] AndroidManifest.xml:17:1-33:12
MERGED from [androidx.tracing:tracing:1.0.0] AndroidManifest.xml:17:1-24:12
MERGED from [androidx.annotation:annotation-experimental:1.3.0] AndroidManifest.xml:17:1-22:12
	package
		INJECTED from src\main\AndroidManifest.xml
	android:versionName
		INJECTED from src\main\AndroidManifest.xml
	xmlns:tools
		ADDED from src\main\AndroidManifest.xml:3:5-51
	android:versionCode
		INJECTED from src\main\AndroidManifest.xml
	xmlns:android
		ADDED from src\main\AndroidManifest.xml:2:11-69
application
ADDED from src\main\AndroidManifest.xml:5:5-26:19
INJECTED from src\main\AndroidManifest.xml:5:5-26:19
MERGED from [androidx.compose.ui:ui-test-manifest:1.4.0] AndroidManifest.xml:22:5-26:19
MERGED from [androidx.compose.ui:ui-test-manifest:1.4.0] AndroidManifest.xml:22:5-26:19
MERGED from [androidx.compose.ui:ui-tooling:1.4.0] AndroidManifest.xml:22:5-26:19
MERGED from [androidx.compose.ui:ui-tooling:1.4.0] AndroidManifest.xml:22:5-26:19
MERGED from [androidx.emoji2:emoji2:1.3.0] AndroidManifest.xml:23:5-33:19
MERGED from [androidx.emoji2:emoji2:1.3.0] AndroidManifest.xml:23:5-33:19
MERGED from [androidx.lifecycle:lifecycle-process:2.6.2] AndroidManifest.xml:23:5-33:19
MERGED from [androidx.lifecycle:lifecycle-process:2.6.2] AndroidManifest.xml:23:5-33:19
MERGED from [androidx.core:core:1.9.0] AndroidManifest.xml:28:5-89
MERGED from [androidx.core:core:1.9.0] AndroidManifest.xml:28:5-89
MERGED from [androidx.profileinstaller:profileinstaller:1.3.0] AndroidManifest.xml:23:5-53:19
MERGED from [androidx.profileinstaller:profileinstaller:1.3.0] AndroidManifest.xml:23:5-53:19
MERGED from [androidx.versionedparcelable:versionedparcelable:1.1.1] AndroidManifest.xml:24:5-25:19
MERGED from [androidx.versionedparcelable:versionedparcelable:1.1.1] AndroidManifest.xml:24:5-25:19
MERGED from [androidx.startup:startup-runtime:1.1.1] AndroidManifest.xml:25:5-31:19
MERGED from [androidx.startup:startup-runtime:1.1.1] AndroidManifest.xml:25:5-31:19
	android:extractNativeLibs
		INJECTED from src\main\AndroidManifest.xml
	android:appComponentFactory
		ADDED from [androidx.core:core:1.9.0] AndroidManifest.xml:28:18-86
	android:supportsRtl
		ADDED from src\main\AndroidManifest.xml:12:9-35
	android:label
		ADDED from src\main\AndroidManifest.xml:10:9-41
	android:fullBackupContent
		ADDED from src\main\AndroidManifest.xml:8:9-54
	android:roundIcon
		ADDED from src\main\AndroidManifest.xml:11:9-54
	tools:targetApi
		ADDED from src\main\AndroidManifest.xml:14:9-29
	android:icon
		ADDED from src\main\AndroidManifest.xml:9:9-43
	android:allowBackup
		ADDED from src\main\AndroidManifest.xml:6:9-35
	android:theme
		ADDED from src\main\AndroidManifest.xml:13:9-44
	android:dataExtractionRules
		ADDED from src\main\AndroidManifest.xml:7:9-65
activity#com.example.mycalc.main
ADDED from src\main\AndroidManifest.xml:15:9-25:20
	android:label
		ADDED from src\main\AndroidManifest.xml:18:13-45
	android:exported
		ADDED from src\main\AndroidManifest.xml:17:13-36
	android:theme
		ADDED from src\main\AndroidManifest.xml:19:13-48
	android:name
		ADDED from src\main\AndroidManifest.xml:16:13-33
intent-filter#action:name:android.intent.action.MAIN+category:name:android.intent.category.LAUNCHER
ADDED from src\main\AndroidManifest.xml:20:13-24:29
action#android.intent.action.MAIN
ADDED from src\main\AndroidManifest.xml:21:17-69
	android:name
		ADDED from src\main\AndroidManifest.xml:21:25-66
category#android.intent.category.LAUNCHER
ADDED from src\main\AndroidManifest.xml:23:17-77
	android:name
		ADDED from src\main\AndroidManifest.xml:23:27-74
uses-sdk
INJECTED from src\main\AndroidManifest.xml reason: use-sdk injection requested
INJECTED from src\main\AndroidManifest.xml
INJECTED from src\main\AndroidManifest.xml
MERGED from [androidx.compose.material3:material3:1.0.0] AndroidManifest.xml:20:5-44
MERGED from [androidx.compose.material3:material3:1.0.0] AndroidManifest.xml:20:5-44
MERGED from [androidx.compose.material:material-ripple:1.4.0] AndroidManifest.xml:20:5-44
MERGED from [androidx.compose.material:material-ripple:1.4.0] AndroidManifest.xml:20:5-44
MERGED from [androidx.compose.material:material-icons-core:1.4.0] AndroidManifest.xml:20:5-44
MERGED from [androidx.compose.material:material-icons-core:1.4.0] AndroidManifest.xml:20:5-44
MERGED from [androidx.compose.material:material:1.4.0] AndroidManifest.xml:20:5-44
MERGED from [androidx.compose.material:material:1.4.0] AndroidManifest.xml:20:5-44
MERGED from [androidx.compose.animation:animation-core:1.4.0] AndroidManifest.xml:20:5-44
MERGED from [androidx.compose.animation:animation-core:1.4.0] AndroidManifest.xml:20:5-44
MERGED from [androidx.compose.animation:animation:1.4.0] AndroidManifest.xml:20:5-44
MERGED from [androidx.compose.animation:animation:1.4.0] AndroidManifest.xml:20:5-44
MERGED from [androidx.compose.foundation:foundation-layout:1.4.0] AndroidManifest.xml:20:5-44
MERGED from [androidx.compose.foundation:foundation-layout:1.4.0] AndroidManifest.xml:20:5-44
MERGED from [androidx.compose.foundation:foundation:1.4.0] AndroidManifest.xml:20:5-44
MERGED from [androidx.compose.foundation:foundation:1.4.0] AndroidManifest.xml:20:5-44
MERGED from [androidx.compose.ui:ui-tooling-data:1.4.0] AndroidManifest.xml:20:5-44
MERGED from [androidx.compose.ui:ui-tooling-data:1.4.0] AndroidManifest.xml:20:5-44
MERGED from [androidx.compose.ui:ui-unit:1.4.0] AndroidManifest.xml:20:5-44
MERGED from [androidx.compose.ui:ui-unit:1.4.0] AndroidManifest.xml:20:5-44
MERGED from [androidx.compose.ui:ui-geometry:1.4.0] AndroidManifest.xml:20:5-44
MERGED from [androidx.compose.ui:ui-geometry:1.4.0] AndroidManifest.xml:20:5-44
MERGED from [androidx.compose.ui:ui-util:1.4.0] AndroidManifest.xml:20:5-44
MERGED from [androidx.compose.ui:ui-util:1.4.0] AndroidManifest.xml:20:5-44
MERGED from [androidx.compose.ui:ui-text:1.4.0] AndroidManifest.xml:20:5-44
MERGED from [androidx.compose.ui:ui-text:1.4.0] AndroidManifest.xml:20:5-44
MERGED from [androidx.compose.ui:ui-tooling-preview:1.4.0] AndroidManifest.xml:20:5-44
MERGED from [androidx.compose.ui:ui-tooling-preview:1.4.0] AndroidManifest.xml:20:5-44
MERGED from [androidx.compose.ui:ui-test-manifest:1.4.0] AndroidManifest.xml:20:5-44
MERGED from [androidx.compose.ui:ui-test-manifest:1.4.0] AndroidManifest.xml:20:5-44
MERGED from [androidx.compose.ui:ui-graphics:1.4.0] AndroidManifest.xml:20:5-44
MERGED from [androidx.compose.ui:ui-graphics:1.4.0] AndroidManifest.xml:20:5-44
MERGED from [androidx.compose.ui:ui-tooling:1.4.0] AndroidManifest.xml:20:5-44
MERGED from [androidx.compose.ui:ui-tooling:1.4.0] AndroidManifest.xml:20:5-44
MERGED from [androidx.activity:activity:1.8.0] AndroidManifest.xml:20:5-44
MERGED from [androidx.activity:activity:1.8.0] AndroidManifest.xml:20:5-44
MERGED from [androidx.activity:activity-ktx:1.8.0] AndroidManifest.xml:5:5-44
MERGED from [androidx.activity:activity-ktx:1.8.0] AndroidManifest.xml:5:5-44
MERGED from [androidx.activity:activity-compose:1.8.0] AndroidManifest.xml:5:5-44
MERGED from [androidx.activity:activity-compose:1.8.0] AndroidManifest.xml:5:5-44
MERGED from [androidx.compose.ui:ui:1.4.0] AndroidManifest.xml:20:5-44
MERGED from [androidx.compose.ui:ui:1.4.0] AndroidManifest.xml:20:5-44
MERGED from [androidx.customview:customview-poolingcontainer:1.0.0] AndroidManifest.xml:20:5-21:38
MERGED from [androidx.customview:customview-poolingcontainer:1.0.0] AndroidManifest.xml:20:5-21:38
MERGED from [androidx.emoji2:emoji2:1.3.0] AndroidManifest.xml:21:5-44
MERGED from [androidx.emoji2:emoji2:1.3.0] AndroidManifest.xml:21:5-44
MERGED from [androidx.lifecycle:lifecycle-livedata-core:2.6.2] AndroidManifest.xml:20:5-44
MERGED from [androidx.lifecycle:lifecycle-livedata-core:2.6.2] AndroidManifest.xml:20:5-44
MERGED from [androidx.lifecycle:lifecycle-process:2.6.2] AndroidManifest.xml:21:5-44
MERGED from [androidx.lifecycle:lifecycle-process:2.6.2] AndroidManifest.xml:21:5-44
MERGED from [androidx.lifecycle:lifecycle-viewmodel-ktx:2.6.2] AndroidManifest.xml:20:5-44
MERGED from [androidx.lifecycle:lifecycle-viewmodel-ktx:2.6.2] AndroidManifest.xml:20:5-44
MERGED from [androidx.savedstate:savedstate-ktx:1.2.1] AndroidManifest.xml:20:5-44
MERGED from [androidx.savedstate:savedstate-ktx:1.2.1] AndroidManifest.xml:20:5-44
MERGED from [androidx.savedstate:savedstate:1.2.1] AndroidManifest.xml:20:5-44
MERGED from [androidx.savedstate:savedstate:1.2.1] AndroidManifest.xml:20:5-44
MERGED from [androidx.lifecycle:lifecycle-viewmodel:2.6.2] AndroidManifest.xml:20:5-44
MERGED from [androidx.lifecycle:lifecycle-viewmodel:2.6.2] AndroidManifest.xml:20:5-44
MERGED from [androidx.lifecycle:lifecycle-viewmodel-savedstate:2.6.2] AndroidManifest.xml:20:5-44
MERGED from [androidx.lifecycle:lifecycle-viewmodel-savedstate:2.6.2] AndroidManifest.xml:20:5-44
MERGED from [androidx.core:core-ktx:1.9.0] AndroidManifest.xml:5:5-44
MERGED from [androidx.core:core-ktx:1.9.0] AndroidManifest.xml:5:5-44
MERGED from [androidx.autofill:autofill:1.0.0] AndroidManifest.xml:20:5-22:41
MERGED from [androidx.autofill:autofill:1.0.0] AndroidManifest.xml:20:5-22:41
MERGED from [androidx.core:core:1.9.0] AndroidManifest.xml:20:5-44
MERGED from [androidx.core:core:1.9.0] AndroidManifest.xml:20:5-44
MERGED from [androidx.lifecycle:lifecycle-runtime:2.6.2] AndroidManifest.xml:5:5-44
MERGED from [androidx.lifecycle:lifecycle-runtime:2.6.2] AndroidManifest.xml:5:5-44
MERGED from [androidx.lifecycle:lifecycle-runtime-ktx:2.6.2] AndroidManifest.xml:20:5-44
MERGED from [androidx.lifecycle:lifecycle-runtime-ktx:2.6.2] AndroidManifest.xml:20:5-44
MERGED from [androidx.compose.runtime:runtime-saveable:1.4.0] AndroidManifest.xml:20:5-44
MERGED from [androidx.compose.runtime:runtime-saveable:1.4.0] AndroidManifest.xml:20:5-44
MERGED from [androidx.compose.runtime:runtime:1.4.0] AndroidManifest.xml:20:5-44
MERGED from [androidx.compose.runtime:runtime:1.4.0] AndroidManifest.xml:20:5-44
MERGED from [androidx.profileinstaller:profileinstaller:1.3.0] AndroidManifest.xml:21:5-44
MERGED from [androidx.profileinstaller:profileinstaller:1.3.0] AndroidManifest.xml:21:5-44
MERGED from [androidx.versionedparcelable:versionedparcelable:1.1.1] AndroidManifest.xml:20:5-22:41
MERGED from [androidx.versionedparcelable:versionedparcelable:1.1.1] AndroidManifest.xml:20:5-22:41
MERGED from [androidx.arch.core:core-runtime:2.2.0] AndroidManifest.xml:20:5-44
MERGED from [androidx.arch.core:core-runtime:2.2.0] AndroidManifest.xml:20:5-44
MERGED from [androidx.startup:startup-runtime:1.1.1] AndroidManifest.xml:21:5-23:41
MERGED from [androidx.startup:startup-runtime:1.1.1] AndroidManifest.xml:21:5-23:41
MERGED from [androidx.tracing:tracing:1.0.0] AndroidManifest.xml:20:5-22:41
MERGED from [androidx.tracing:tracing:1.0.0] AndroidManifest.xml:20:5-22:41
MERGED from [androidx.annotation:annotation-experimental:1.3.0] AndroidManifest.xml:20:5-44
MERGED from [androidx.annotation:annotation-experimental:1.3.0] AndroidManifest.xml:20:5-44
	android:targetSdkVersion
		INJECTED from src\main\AndroidManifest.xml
	android:minSdkVersion
		INJECTED from src\main\AndroidManifest.xml
activity#androidx.activity.ComponentActivity
ADDED from [androidx.compose.ui:ui-test-manifest:1.4.0] AndroidManifest.xml:23:9-25:39
	android:exported
		ADDED from [androidx.compose.ui:ui-test-manifest:1.4.0] AndroidManifest.xml:25:13-36
	android:name
		ADDED from [androidx.compose.ui:ui-test-manifest:1.4.0] AndroidManifest.xml:24:13-63
activity#androidx.compose.ui.tooling.PreviewActivity
ADDED from [androidx.compose.ui:ui-tooling:1.4.0] AndroidManifest.xml:23:9-25:39
	android:exported
		ADDED from [androidx.compose.ui:ui-tooling:1.4.0] AndroidManifest.xml:25:13-36
	android:name
		ADDED from [androidx.compose.ui:ui-tooling:1.4.0] AndroidManifest.xml:24:13-71
provider#androidx.startup.InitializationProvider
ADDED from [androidx.emoji2:emoji2:1.3.0] AndroidManifest.xml:24:9-32:20
MERGED from [androidx.lifecycle:lifecycle-process:2.6.2] AndroidManifest.xml:24:9-32:20
MERGED from [androidx.lifecycle:lifecycle-process:2.6.2] AndroidManifest.xml:24:9-32:20
MERGED from [androidx.profileinstaller:profileinstaller:1.3.0] AndroidManifest.xml:24:9-32:20
MERGED from [androidx.profileinstaller:profileinstaller:1.3.0] AndroidManifest.xml:24:9-32:20
MERGED from [androidx.startup:startup-runtime:1.1.1] AndroidManifest.xml:26:9-30:34
MERGED from [androidx.startup:startup-runtime:1.1.1] AndroidManifest.xml:26:9-30:34
	tools:node
		ADDED from [androidx.emoji2:emoji2:1.3.0] AndroidManifest.xml:28:13-31
	android:authorities
		ADDED from [androidx.emoji2:emoji2:1.3.0] AndroidManifest.xml:26:13-68
	android:exported
		ADDED from [androidx.emoji2:emoji2:1.3.0] AndroidManifest.xml:27:13-37
	android:name
		ADDED from [androidx.emoji2:emoji2:1.3.0] AndroidManifest.xml:25:13-67
meta-data#androidx.emoji2.text.EmojiCompatInitializer
ADDED from [androidx.emoji2:emoji2:1.3.0] AndroidManifest.xml:29:13-31:52
	android:value
		ADDED from [androidx.emoji2:emoji2:1.3.0] AndroidManifest.xml:31:17-49
	android:name
		ADDED from [androidx.emoji2:emoji2:1.3.0] AndroidManifest.xml:30:17-75
meta-data#androidx.lifecycle.ProcessLifecycleInitializer
ADDED from [androidx.lifecycle:lifecycle-process:2.6.2] AndroidManifest.xml:29:13-31:52
	android:value
		ADDED from [androidx.lifecycle:lifecycle-process:2.6.2] AndroidManifest.xml:31:17-49
	android:name
		ADDED from [androidx.lifecycle:lifecycle-process:2.6.2] AndroidManifest.xml:30:17-78
permission#${applicationId}.DYNAMIC_RECEIVER_NOT_EXPORTED_PERMISSION
ADDED from [androidx.core:core:1.9.0] AndroidManifest.xml:22:5-24:47
	android:protectionLevel
		ADDED from [androidx.core:core:1.9.0] AndroidManifest.xml:24:9-44
	android:name
		ADDED from [androidx.core:core:1.9.0] AndroidManifest.xml:23:9-81
permission#com.example.mycalc.DYNAMIC_RECEIVER_NOT_EXPORTED_PERMISSION
ADDED from [androidx.core:core:1.9.0] AndroidManifest.xml:22:5-24:47
	android:protectionLevel
		ADDED from [androidx.core:core:1.9.0] AndroidManifest.xml:24:9-44
	android:name
		ADDED from [androidx.core:core:1.9.0] AndroidManifest.xml:23:9-81
uses-permission#${applicationId}.DYNAMIC_RECEIVER_NOT_EXPORTED_PERMISSION
ADDED from [androidx.core:core:1.9.0] AndroidManifest.xml:26:5-97
	android:name
		ADDED from [androidx.core:core:1.9.0] AndroidManifest.xml:26:22-94
uses-permission#com.example.mycalc.DYNAMIC_RECEIVER_NOT_EXPORTED_PERMISSION
ADDED from [androidx.core:core:1.9.0] AndroidManifest.xml:26:5-97
	android:name
		ADDED from [androidx.core:core:1.9.0] AndroidManifest.xml:26:22-94
meta-data#androidx.profileinstaller.ProfileInstallerInitializer
ADDED from [androidx.profileinstaller:profileinstaller:1.3.0] AndroidManifest.xml:29:13-31:52
	android:value
		ADDED from [androidx.profileinstaller:profileinstaller:1.3.0] AndroidManifest.xml:31:17-49
	android:name
		ADDED from [androidx.profileinstaller:profileinstaller:1.3.0] AndroidManifest.xml:30:17-85
receiver#androidx.profileinstaller.ProfileInstallReceiver
ADDED from [androidx.profileinstaller:profileinstaller:1.3.0] AndroidManifest.xml:34:9-52:20
	android:enabled
		ADDED from [androidx.profileinstaller:profileinstaller:1.3.0] AndroidManifest.xml:37:13-35
	android:exported
		ADDED from [androidx.profileinstaller:profileinstaller:1.3.0] AndroidManifest.xml:38:13-36
	android:permission
		ADDED from [androidx.profileinstaller:profileinstaller:1.3.0] AndroidManifest.xml:39:13-57
	android:directBootAware
		ADDED from [androidx.profileinstaller:profileinstaller:1.3.0] AndroidManifest.xml:36:13-44
	android:name
		ADDED from [androidx.profileinstaller:profileinstaller:1.3.0] AndroidManifest.xml:35:13-76
intent-filter#action:name:androidx.profileinstaller.action.INSTALL_PROFILE
ADDED from [androidx.profileinstaller:profileinstaller:1.3.0] AndroidManifest.xml:40:13-42:29
action#androidx.profileinstaller.action.INSTALL_PROFILE
ADDED from [androidx.profileinstaller:profileinstaller:1.3.0] AndroidManifest.xml:41:17-91
	android:name
		ADDED from [androidx.profileinstaller:profileinstaller:1.3.0] AndroidManifest.xml:41:25-88
intent-filter#action:name:androidx.profileinstaller.action.SKIP_FILE
ADDED from [androidx.profileinstaller:profileinstaller:1.3.0] AndroidManifest.xml:43:13-45:29
action#androidx.profileinstaller.action.SKIP_FILE
ADDED from [androidx.profileinstaller:profileinstaller:1.3.0] AndroidManifest.xml:44:17-85
	android:name
		ADDED from [androidx.profileinstaller:profileinstaller:1.3.0] AndroidManifest.xml:44:25-82
intent-filter#action:name:androidx.profileinstaller.action.SAVE_PROFILE
ADDED from [androidx.profileinstaller:profileinstaller:1.3.0] AndroidManifest.xml:46:13-48:29
action#androidx.profileinstaller.action.SAVE_PROFILE
ADDED from [androidx.profileinstaller:profileinstaller:1.3.0] AndroidManifest.xml:47:17-88
	android:name
		ADDED from [androidx.profileinstaller:profileinstaller:1.3.0] AndroidManifest.xml:47:25-85
intent-filter#action:name:androidx.profileinstaller.action.BENCHMARK_OPERATION
ADDED from [androidx.profileinstaller:profileinstaller:1.3.0] AndroidManifest.xml:49:13-51:29
action#androidx.profileinstaller.action.BENCHMARK_OPERATION
ADDED from [androidx.profileinstaller:profileinstaller:1.3.0] AndroidManifest.xml:50:17-95
	android:name
		ADDED from [androidx.profileinstaller:profileinstaller:1.3.0] AndroidManifest.xml:50:25-92